# JRE version: OpenJDK Runtime Environment Temurin-17.0.8.1+1 (17.0.8.1+1) (build 17.0.8.1+1)
# Java VM: OpenJDK 64-Bit Server VM Temurin-17.0.8.1+1 (17.0.8.1+1, mixed mode, tiered, compressed oops, compressed class ptrs, parallel gc, windows-amd64)
GC Precious Log:
 CPUs: 12 total, 12 available
 Memory: 7532M
 Large Page Support: Disabled
 NUMA Support: Disabled
 Compressed Oops: Enabled (32-bit)
 Alignments: Space 512K, Generation 512K, Heap 2M
 Heap Min Capacity: 100M
 Heap Initial Capacity: 100M
 Heap Max Capacity: 1G
 Pre-touch: Disabled
 Parallel Workers: 10
Heap:
 PSYoungGen      total 10752K, used 8985K [0x00000000eab00000, 0x00000000eb900000, 0x0000000100000000)
  eden space 8704K, 81% used [0x00000000eab00000,0x00000000eb1eb9c0,0x00000000eb380000)
  from space 2048K, 92% used [0x00000000eb380000,0x00000000eb55aaf8,0x00000000eb580000)
  to   space 2560K, 0% used [0x00000000eb680000,0x00000000eb680000,0x00000000eb900000)
 ParOldGen       total 699392K, used 189233K [0x00000000c0000000, 0x00000000eab00000, 0x00000000eab00000)
  object space 699392K, 27% used [0x00000000c0000000,0x00000000cb8cc748,0x00000000eab00000)
 Metaspace       used 69693K, committed 70848K, reserved 1114112K
  class space    used 8364K, committed 8896K, reserved 1048576K
GC Heap History (20 events):
Event: 122.883 GC heap before
{Heap before GC invocations=897 (full 717):
 PSYoungGen      total 10752K, used 8703K [0x00000000eab00000, 0x00000000eb800000, 0x0000000100000000)
  eden space 8704K, 99% used [0x00000000eab00000,0x00000000eb37fff0,0x00000000eb380000)
  from space 2048K, 0% used [0x00000000eb380000,0x00000000eb380000,0x00000000eb580000)
  to   space 1536K, 0% used [0x00000000eb680000,0x00000000eb680000,0x00000000eb800000)
 ParOldGen       total 171008K, used 170606K [0x00000000c0000000, 0x00000000ca700000, 0x00000000eab00000)
  object space 171008K, 99% used [0x00000000c0000000,0x00000000ca69b8a0,0x00000000ca700000)
 Metaspace       used 69693K, committed 70848K, reserved 1114112K
  class space    used 8364K, committed 8896K, reserved 1048576K
}
Event: 122.938 GC heap after
{Heap after GC invocations=897 (full 717):
 PSYoungGen      total 10240K, used 8703K [0x00000000eab00000, 0x00000000eb800000, 0x0000000100000000)
  eden space 8704K, 99% used [0x00000000eab00000,0x00000000eb37fff0,0x00000000eb380000)
  from space 1536K, 0% used [0x00000000eb680000,0x00000000eb680000,0x00000000eb800000)
  to   space 2048K, 0% used [0x00000000eb380000,0x00000000eb380000,0x00000000eb580000)
 ParOldGen       total 171008K, used 170605K [0x00000000c0000000, 0x00000000ca700000, 0x00000000eab00000)
  object space 171008K, 99% used [0x00000000c0000000,0x00000000ca69b740,0x00000000ca700000)
 Metaspace       used 69693K, committed 70848K, reserved 1114112K
  class space    used 8364K, committed 8896K, reserved 1048576K
}
Event: 122.938 GC heap before
{Heap before GC invocations=898 (full 718):
 PSYoungGen      total 10240K, used 8703K [0x00000000eab00000, 0x00000000eb800000, 0x0000000100000000)
  eden space 8704K, 99% used [0x00000000eab00000,0x00000000eb37fff0,0x00000000eb380000)
  from space 1536K, 0% used [0x00000000eb680000,0x00000000eb680000,0x00000000eb800000)
  to   space 2048K, 0% used [0x00000000eb380000,0x00000000eb380000,0x00000000eb580000)
 ParOldGen       total 171008K, used 170610K [0x00000000c0000000, 0x00000000ca700000, 0x00000000eab00000)
  object space 171008K, 99% used [0x00000000c0000000,0x00000000ca69c8b8,0x00000000ca700000)
 Metaspace       used 69693K, committed 70848K, reserved 1114112K
  class space    used 8364K, committed 8896K, reserved 1048576K
}
Event: 122.998 GC heap after
{Heap after GC invocations=898 (full 718):
 PSYoungGen      total 10752K, used 8703K [0x00000000eab00000, 0x00000000eb800000, 0x0000000100000000)
  eden space 8704K, 99% used [0x00000000eab00000,0x00000000eb37ffd8,0x00000000eb380000)
  from space 2048K, 0% used [0x00000000eb380000,0x00000000eb380000,0x00000000eb580000)
  to   space 1536K, 0% used [0x00000000eb680000,0x00000000eb680000,0x00000000eb800000)
 ParOldGen       total 699392K, used 170607K [0x00000000c0000000, 0x00000000eab00000, 0x00000000eab00000)
  object space 699392K, 24% used [0x00000000c0000000,0x00000000ca69bd20,0x00000000eab00000)
 Metaspace       used 69693K, committed 70848K, reserved 1114112K
  class space    used 8364K, committed 8896K, reserved 1048576K
}
Event: 122.998 GC heap before
{Heap before GC invocations=899 (full 718):
 PSYoungGen      total 10752K, used 8703K [0x00000000eab00000, 0x00000000eb800000, 0x0000000100000000)
  eden space 8704K, 99% used [0x00000000eab00000,0x00000000eb37fff0,0x00000000eb380000)
  from space 2048K, 0% used [0x00000000eb380000,0x00000000eb380000,0x00000000eb580000)
  to   space 1536K, 0% used [0x00000000eb680000,0x00000000eb680000,0x00000000eb800000)
 ParOldGen       total 699392K, used 170607K [0x00000000c0000000, 0x00000000eab00000, 0x00000000eab00000)
  object space 699392K, 24% used [0x00000000c0000000,0x00000000ca69bd20,0x00000000eab00000)
 Metaspace       used 69693K, committed 70848K, reserved 1114112K
  class space    used 8364K, committed 8896K, reserved 1048576K
}
Event: 123.014 GC heap after
{Heap after GC invocations=899 (full 718):
 PSYoungGen      total 10240K, used 1513K [0x00000000eab00000, 0x00000000eb800000, 0x0000000100000000)
  eden space 8704K, 0% used [0x00000000eab00000,0x00000000eab00000,0x00000000eb380000)
  from space 1536K, 98% used [0x00000000eb680000,0x00000000eb7fa408,0x00000000eb800000)
  to   space 2048K, 0% used [0x00000000eb380000,0x00000000eb380000,0x00000000eb580000)
 ParOldGen       total 699392K, used 178057K [0x00000000c0000000, 0x00000000eab00000, 0x00000000eab00000)
  object space 699392K, 25% used [0x00000000c0000000,0x00000000cade24a8,0x00000000eab00000)
 Metaspace       used 69693K, committed 70848K, reserved 1114112K
  class space    used 8364K, committed 8896K, reserved 1048576K
}
Event: 123.037 GC heap before
{Heap before GC invocations=900 (full 718):
 PSYoungGen      total 10240K, used 10215K [0x00000000eab00000, 0x00000000eb800000, 0x0000000100000000)
  eden space 8704K, 99% used [0x00000000eab00000,0x00000000eb37fab8,0x00000000eb380000)
  from space 1536K, 98% used [0x00000000eb680000,0x00000000eb7fa408,0x00000000eb800000)
  to   space 2048K, 0% used [0x00000000eb380000,0x00000000eb380000,0x00000000eb580000)
 ParOldGen       total 699392K, used 178057K [0x00000000c0000000, 0x00000000eab00000, 0x00000000eab00000)
  object space 699392K, 25% used [0x00000000c0000000,0x00000000cade24a8,0x00000000eab00000)
 Metaspace       used 69693K, committed 70848K, reserved 1114112K
  class space    used 8364K, committed 8896K, reserved 1048576K
}
Event: 123.041 GC heap after
{Heap after GC invocations=900 (full 718):
 PSYoungGen      total 10752K, used 1629K [0x00000000eab00000, 0x00000000eb800000, 0x0000000100000000)
  eden space 8704K, 0% used [0x00000000eab00000,0x00000000eab00000,0x00000000eb380000)
  from space 2048K, 79% used [0x00000000eb380000,0x00000000eb5175b0,0x00000000eb580000)
  to   space 1536K, 0% used [0x00000000eb680000,0x00000000eb680000,0x00000000eb800000)
 ParOldGen       total 699392K, used 179599K [0x00000000c0000000, 0x00000000eab00000, 0x00000000eab00000)
  object space 699392K, 25% used [0x00000000c0000000,0x00000000caf63f68,0x00000000eab00000)
 Metaspace       used 69693K, committed 70848K, reserved 1114112K
  class space    used 8364K, committed 8896K, reserved 1048576K
}
Event: 123.066 GC heap before
{Heap before GC invocations=901 (full 718):
 PSYoungGen      total 10752K, used 10333K [0x00000000eab00000, 0x00000000eb800000, 0x0000000100000000)
  eden space 8704K, 100% used [0x00000000eab00000,0x00000000eb380000,0x00000000eb380000)
  from space 2048K, 79% used [0x00000000eb380000,0x00000000eb5175b0,0x00000000eb580000)
  to   space 1536K, 0% used [0x00000000eb680000,0x00000000eb680000,0x00000000eb800000)
 ParOldGen       total 699392K, used 179599K [0x00000000c0000000, 0x00000000eab00000, 0x00000000eab00000)
  object space 699392K, 25% used [0x00000000c0000000,0x00000000caf63f68,0x00000000eab00000)
 Metaspace       used 69693K, committed 70848K, reserved 1114112K
  class space    used 8364K, committed 8896K, reserved 1048576K
}
Event: 123.069 GC heap after
{Heap after GC invocations=901 (full 718):
 PSYoungGen      total 10240K, used 1535K [0x00000000eab00000, 0x00000000eb800000, 0x0000000100000000)
  eden space 8704K, 0% used [0x00000000eab00000,0x00000000eab00000,0x00000000eb380000)
  from space 1536K, 99% used [0x00000000eb680000,0x00000000eb7fff98,0x00000000eb800000)
  to   space 2048K, 0% used [0x00000000eb380000,0x00000000eb380000,0x00000000eb580000)
 ParOldGen       total 699392K, used 181250K [0x00000000c0000000, 0x00000000eab00000, 0x00000000eab00000)
  object space 699392K, 25% used [0x00000000c0000000,0x00000000cb100898,0x00000000eab00000)
 Metaspace       used 69693K, committed 70848K, reserved 1114112K
  class space    used 8364K, committed 8896K, reserved 1048576K
}
Event: 123.092 GC heap before
{Heap before GC invocations=902 (full 718):
 PSYoungGen      total 10240K, used 10239K [0x00000000eab00000, 0x00000000eb800000, 0x0000000100000000)
  eden space 8704K, 100% used [0x00000000eab00000,0x00000000eb380000,0x00000000eb380000)
  from space 1536K, 99% used [0x00000000eb680000,0x00000000eb7fff98,0x00000000eb800000)
  to   space 2048K, 0% used [0x00000000eb380000,0x00000000eb380000,0x00000000eb580000)
 ParOldGen       total 699392K, used 181250K [0x00000000c0000000, 0x00000000eab00000, 0x00000000eab00000)
  object space 699392K, 25% used [0x00000000c0000000,0x00000000cb100898,0x00000000eab00000)
 Metaspace       used 69693K, committed 70848K, reserved 1114112K
  class space    used 8364K, committed 8896K, reserved 1048576K
}
Event: 123.095 GC heap after
{Heap after GC invocations=902 (full 718):
 PSYoungGen      total 10752K, used 1904K [0x00000000eab00000, 0x00000000eb800000, 0x0000000100000000)
  eden space 8704K, 0% used [0x00000000eab00000,0x00000000eab00000,0x00000000eb380000)
  from space 2048K, 93% used [0x00000000eb380000,0x00000000eb55c320,0x00000000eb580000)
  to   space 1536K, 0% used [0x00000000eb680000,0x00000000eb680000,0x00000000eb800000)
 ParOldGen       total 699392K, used 182783K [0x00000000c0000000, 0x00000000eab00000, 0x00000000eab00000)
  object space 699392K, 26% used [0x00000000c0000000,0x00000000cb27fd20,0x00000000eab00000)
 Metaspace       used 69693K, committed 70848K, reserved 1114112K
  class space    used 8364K, committed 8896K, reserved 1048576K
}
Event: 123.115 GC heap before
{Heap before GC invocations=903 (full 718):
 PSYoungGen      total 10752K, used 10608K [0x00000000eab00000, 0x00000000eb800000, 0x0000000100000000)
  eden space 8704K, 100% used [0x00000000eab00000,0x00000000eb380000,0x00000000eb380000)
  from space 2048K, 93% used [0x00000000eb380000,0x00000000eb55c320,0x00000000eb580000)
  to   space 1536K, 0% used [0x00000000eb680000,0x00000000eb680000,0x00000000eb800000)
 ParOldGen       total 699392K, used 182783K [0x00000000c0000000, 0x00000000eab00000, 0x00000000eab00000)
  object space 699392K, 26% used [0x00000000c0000000,0x00000000cb27fd20,0x00000000eab00000)
 Metaspace       used 69693K, committed 70848K, reserved 1114112K
  class space    used 8364K, committed 8896K, reserved 1048576K
}
Event: 123.118 GC heap after
{Heap after GC invocations=903 (full 718):
 PSYoungGen      total 10240K, used 1525K [0x00000000eab00000, 0x00000000eb800000, 0x0000000100000000)
  eden space 8704K, 0% used [0x00000000eab00000,0x00000000eab00000,0x00000000eb380000)
  from space 1536K, 99% used [0x00000000eb680000,0x00000000eb7fd528,0x00000000eb800000)
  to   space 2048K, 0% used [0x00000000eb380000,0x00000000eb380000,0x00000000eb580000)
 ParOldGen       total 699392K, used 184876K [0x00000000c0000000, 0x00000000eab00000, 0x00000000eab00000)
  object space 699392K, 26% used [0x00000000c0000000,0x00000000cb48b340,0x00000000eab00000)
 Metaspace       used 69693K, committed 70848K, reserved 1114112K
  class space    used 8364K, committed 8896K, reserved 1048576K
}
Event: 123.133 GC heap before
{Heap before GC invocations=904 (full 718):
 PSYoungGen      total 10240K, used 10229K [0x00000000eab00000, 0x00000000eb800000, 0x0000000100000000)
  eden space 8704K, 100% used [0x00000000eab00000,0x00000000eb380000,0x00000000eb380000)
  from space 1536K, 99% used [0x00000000eb680000,0x00000000eb7fd528,0x00000000eb800000)
  to   space 2048K, 0% used [0x00000000eb380000,0x00000000eb380000,0x00000000eb580000)
 ParOldGen       total 699392K, used 184876K [0x00000000c0000000, 0x00000000eab00000, 0x00000000eab00000)
  object space 699392K, 26% used [0x00000000c0000000,0x00000000cb48b340,0x00000000eab00000)
 Metaspace       used 69693K, committed 70848K, reserved 1114112K
  class space    used 8364K, committed 8896K, reserved 1048576K
}
Event: 123.135 GC heap after
{Heap after GC invocations=904 (full 718):
 PSYoungGen      total 10752K, used 1786K [0x00000000eab00000, 0x00000000eb900000, 0x0000000100000000)
  eden space 8704K, 0% used [0x00000000eab00000,0x00000000eab00000,0x00000000eb380000)
  from space 2048K, 87% used [0x00000000eb380000,0x00000000eb53ea58,0x00000000eb580000)
  to   space 2560K, 0% used [0x00000000eb680000,0x00000000eb680000,0x00000000eb900000)
 ParOldGen       total 699392K, used 186443K [0x00000000c0000000, 0x00000000eab00000, 0x00000000eab00000)
  object space 699392K, 26% used [0x00000000c0000000,0x00000000cb612cc0,0x00000000eab00000)
 Metaspace       used 69693K, committed 70848K, reserved 1114112K
  class space    used 8364K, committed 8896K, reserved 1048576K
}
Event: 123.150 GC heap before
{Heap before GC invocations=905 (full 718):
 PSYoungGen      total 10752K, used 10490K [0x00000000eab00000, 0x00000000eb900000, 0x0000000100000000)
  eden space 8704K, 100% used [0x00000000eab00000,0x00000000eb380000,0x00000000eb380000)
  from space 2048K, 87% used [0x00000000eb380000,0x00000000eb53ea58,0x00000000eb580000)
  to   space 2560K, 0% used [0x00000000eb680000,0x00000000eb680000,0x00000000eb900000)
 ParOldGen       total 699392K, used 186443K [0x00000000c0000000, 0x00000000eab00000, 0x00000000eab00000)
  object space 699392K, 26% used [0x00000000c0000000,0x00000000cb612cc0,0x00000000eab00000)
 Metaspace       used 69693K, committed 70848K, reserved 1114112K
  class space    used 8364K, committed 8896K, reserved 1048576K
}
Event: 123.153 GC heap after
{Heap after GC invocations=905 (full 718):
 PSYoungGen      total 11264K, used 2559K [0x00000000eab00000, 0x00000000eb900000, 0x0000000100000000)
  eden space 8704K, 0% used [0x00000000eab00000,0x00000000eab00000,0x00000000eb380000)
  from space 2560K, 99% used [0x00000000eb680000,0x00000000eb8ffee8,0x00000000eb900000)
  to   space 2048K, 0% used [0x00000000eb380000,0x00000000eb380000,0x00000000eb580000)
 ParOldGen       total 699392K, used 186689K [0x00000000c0000000, 0x00000000eab00000, 0x00000000eab00000)
  object space 699392K, 26% used [0x00000000c0000000,0x00000000cb6504d0,0x00000000eab00000)
 Metaspace       used 69693K, committed 70848K, reserved 1114112K
  class space    used 8364K, committed 8896K, reserved 1048576K
}
Event: 123.176 GC heap before
{Heap before GC invocations=906 (full 718):
 PSYoungGen      total 11264K, used 11263K [0x00000000eab00000, 0x00000000eb900000, 0x0000000100000000)
  eden space 8704K, 100% used [0x00000000eab00000,0x00000000eb380000,0x00000000eb380000)
  from space 2560K, 99% used [0x00000000eb680000,0x00000000eb8ffee8,0x00000000eb900000)
  to   space 2048K, 0% used [0x00000000eb380000,0x00000000eb380000,0x00000000eb580000)
 ParOldGen       total 699392K, used 186689K [0x00000000c0000000, 0x00000000eab00000, 0x00000000eab00000)
  object space 699392K, 26% used [0x00000000c0000000,0x00000000cb6504d0,0x00000000eab00000)
 Metaspace       used 69693K, committed 70848K, reserved 1114112K
  class space    used 8364K, committed 8896K, reserved 1048576K
}
Event: 123.180 GC heap after
{Heap after GC invocations=906 (full 718):
 PSYoungGen      total 10752K, used 1898K [0x00000000eab00000, 0x00000000eb900000, 0x0000000100000000)
  eden space 8704K, 0% used [0x00000000eab00000,0x00000000eab00000,0x00000000eb380000)
  from space 2048K, 92% used [0x00000000eb380000,0x00000000eb55aaf8,0x00000000eb580000)
  to   space 2560K, 0% used [0x00000000eb680000,0x00000000eb680000,0x00000000eb900000)
 ParOldGen       total 699392K, used 189233K [0x00000000c0000000, 0x00000000eab00000, 0x00000000eab00000)
  object space 699392K, 27% used [0x00000000c0000000,0x00000000cb8cc748,0x00000000eab00000)
 Metaspace       used 69693K, committed 70848K, reserved 1114112K
  class space    used 8364K, committed 8896K, reserved 1048576K
}

