# JRE version: Java(TM) SE Runtime Environment (18.0.2.1+1) (build 18.0.2.1+1-1)
# Java VM: Java HotSpot(TM) 64-Bit Server VM (18.0.2.1+1-1, mixed mode, sharing, tiered, compressed oops, compressed class ptrs, g1 gc, windows-amd64)
GC Precious Log:
 CardTable entry size: 512
 Card Set container configuration: InlinePtr #cards 5 size 8 Array Of Cards #cards 12 size 40 Howl #buckets 4 coarsen threshold 1843 Howl Bitmap #cards 512 size 80 coarsen threshold 460 Card regions per heap region 1 cards per card region 2048
 CPUs: 12 total, 12 available
 Memory: 7532M
 Large Page Support: Disabled
 NUMA Support: Disabled
 Compressed Oops: Enabled (32-bit)
 Heap Region Size: 1M
 Heap Min Capacity: 8M
 Heap Initial Capacity: 118M
 Heap Max Capacity: 2G
 Pre-touch: Disabled
 Parallel Workers: 10
 Concurrent Workers: 3
 Concurrent Refinement Workers: 10
 Periodic GC: Disabled
Heap:
 garbage-first heap   total 188416K, used 117316K [0x0000000080000000, 0x0000000100000000)
  region size 1024K, 42 young (43008K), 1 survivors (1024K)
 Metaspace       used 74890K, committed 76736K, reserved 552960K
  class space    used 10190K, committed 11136K, reserved 421888K
GC Heap History (20 events):
Event: 11.582 GC heap before
{Heap before GC invocations=24 (full 0):
 garbage-first heap   total 95232K, used 76378K [0x0000000080000000, 0x0000000100000000)
  region size 1024K, 25 young (25600K), 3 survivors (3072K)
 Metaspace       used 60635K, committed 62336K, reserved 487424K
  class space    used 8473K, committed 9344K, reserved 421888K
}
Event: 11.586 GC heap after
{Heap after GC invocations=25 (full 0):
 garbage-first heap   total 114688K, used 57114K [0x0000000080000000, 0x0000000100000000)
  region size 1024K, 4 young (4096K), 4 survivors (4096K)
 Metaspace       used 60635K, committed 62336K, reserved 487424K
  class space    used 8473K, committed 9344K, reserved 421888K
}
Event: 11.857 GC heap before
{Heap before GC invocations=26 (full 0):
 garbage-first heap   total 114688K, used 75546K [0x0000000080000000, 0x0000000100000000)
  region size 1024K, 24 young (24576K), 4 survivors (4096K)
 Metaspace       used 61531K, committed 63296K, reserved 487424K
  class space    used 8612K, committed 9536K, reserved 421888K
}
Event: 11.861 GC heap after
{Heap after GC invocations=27 (full 0):
 garbage-first heap   total 114688K, used 58522K [0x0000000080000000, 0x0000000100000000)
  region size 1024K, 2 young (2048K), 2 survivors (2048K)
 Metaspace       used 61531K, committed 63296K, reserved 487424K
  class space    used 8612K, committed 9536K, reserved 421888K
}
Event: 12.023 GC heap before
{Heap before GC invocations=28 (full 0):
 garbage-first heap   total 114688K, used 66714K [0x0000000080000000, 0x0000000100000000)
  region size 1024K, 10 young (10240K), 2 survivors (2048K)
 Metaspace       used 61583K, committed 63296K, reserved 487424K
  class space    used 8620K, committed 9536K, reserved 421888K
}
Event: 12.027 GC heap after
{Heap after GC invocations=29 (full 0):
 garbage-first heap   total 114688K, used 65111K [0x0000000080000000, 0x0000000100000000)
  region size 1024K, 5 young (5120K), 5 survivors (5120K)
 Metaspace       used 61583K, committed 63296K, reserved 487424K
  class space    used 8620K, committed 9536K, reserved 421888K
}
Event: 12.300 GC heap before
{Heap before GC invocations=30 (full 0):
 garbage-first heap   total 116736K, used 87639K [0x0000000080000000, 0x0000000100000000)
  region size 1024K, 26 young (26624K), 5 survivors (5120K)
 Metaspace       used 63962K, committed 65728K, reserved 487424K
  class space    used 8932K, committed 9856K, reserved 421888K
}
Event: 12.305 GC heap after
{Heap after GC invocations=31 (full 0):
 garbage-first heap   total 116736K, used 69339K [0x0000000080000000, 0x0000000100000000)
  region size 1024K, 3 young (3072K), 3 survivors (3072K)
 Metaspace       used 63962K, committed 65728K, reserved 487424K
  class space    used 8932K, committed 9856K, reserved 421888K
}
Event: 12.537 GC heap before
{Heap before GC invocations=31 (full 0):
 garbage-first heap   total 116736K, used 89819K [0x0000000080000000, 0x0000000100000000)
  region size 1024K, 23 young (23552K), 3 survivors (3072K)
 Metaspace       used 67754K, committed 69440K, reserved 487424K
  class space    used 9346K, committed 10240K, reserved 421888K
}
Event: 12.540 GC heap after
{Heap after GC invocations=32 (full 0):
 garbage-first heap   total 116736K, used 70268K [0x0000000080000000, 0x0000000100000000)
  region size 1024K, 1 young (1024K), 1 survivors (1024K)
 Metaspace       used 67754K, committed 69440K, reserved 487424K
  class space    used 9346K, committed 10240K, reserved 421888K
}
Event: 12.765 GC heap before
{Heap before GC invocations=33 (full 0):
 garbage-first heap   total 122880K, used 90748K [0x0000000080000000, 0x0000000100000000)
  region size 1024K, 22 young (22528K), 1 survivors (1024K)
 Metaspace       used 70611K, committed 72384K, reserved 487424K
  class space    used 9658K, committed 10560K, reserved 421888K
}
Event: 12.769 GC heap after
{Heap after GC invocations=34 (full 0):
 garbage-first heap   total 122880K, used 72925K [0x0000000080000000, 0x0000000100000000)
  region size 1024K, 3 young (3072K), 3 survivors (3072K)
 Metaspace       used 70611K, committed 72384K, reserved 487424K
  class space    used 9658K, committed 10560K, reserved 421888K
}
Event: 12.800 GC heap before
{Heap before GC invocations=34 (full 0):
 garbage-first heap   total 122880K, used 75997K [0x0000000080000000, 0x0000000100000000)
  region size 1024K, 6 young (6144K), 3 survivors (3072K)
 Metaspace       used 71064K, committed 72832K, reserved 487424K
  class space    used 9701K, committed 10624K, reserved 421888K
}
Event: 12.804 GC heap after
{Heap after GC invocations=35 (full 0):
 garbage-first heap   total 122880K, used 73477K [0x0000000080000000, 0x0000000100000000)
  region size 1024K, 1 young (1024K), 1 survivors (1024K)
 Metaspace       used 71064K, committed 72832K, reserved 487424K
  class space    used 9701K, committed 10624K, reserved 421888K
}
Event: 12.973 GC heap before
{Heap before GC invocations=35 (full 0):
 garbage-first heap   total 122880K, used 96005K [0x0000000080000000, 0x0000000100000000)
  region size 1024K, 24 young (24576K), 1 survivors (1024K)
 Metaspace       used 73167K, committed 74944K, reserved 487424K
  class space    used 9959K, committed 10880K, reserved 421888K
}
Event: 12.975 GC heap after
{Heap after GC invocations=36 (full 0):
 garbage-first heap   total 122880K, used 74963K [0x0000000080000000, 0x0000000100000000)
  region size 1024K, 3 young (3072K), 3 survivors (3072K)
 Metaspace       used 73167K, committed 74944K, reserved 487424K
  class space    used 9959K, committed 10880K, reserved 421888K
}
Event: 13.196 GC heap before
{Heap before GC invocations=37 (full 0):
 garbage-first heap   total 137216K, used 98515K [0x0000000080000000, 0x0000000100000000)
  region size 1024K, 26 young (26624K), 3 survivors (3072K)
 Metaspace       used 74370K, committed 76224K, reserved 552960K
  class space    used 10115K, committed 11072K, reserved 421888K
}
Event: 13.199 GC heap after
{Heap after GC invocations=38 (full 0):
 garbage-first heap   total 137216K, used 77074K [0x0000000080000000, 0x0000000100000000)
  region size 1024K, 4 young (4096K), 4 survivors (4096K)
 Metaspace       used 74370K, committed 76224K, reserved 552960K
  class space    used 10115K, committed 11072K, reserved 421888K
}
Event: 13.212 GC heap before
{Heap before GC invocations=38 (full 0):
 garbage-first heap   total 137216K, used 79122K [0x0000000080000000, 0x0000000100000000)
  region size 1024K, 6 young (6144K), 4 survivors (4096K)
 Metaspace       used 74441K, committed 76288K, reserved 552960K
  class space    used 10128K, committed 11072K, reserved 421888K
}
Event: 13.217 GC heap after
{Heap after GC invocations=39 (full 0):
 garbage-first heap   total 188416K, used 77380K [0x0000000080000000, 0x0000000100000000)
  region size 1024K, 1 young (1024K), 1 survivors (1024K)
 Metaspace       used 74441K, committed 76288K, reserved 552960K
  class space    used 10128K, committed 11072K, reserved 421888K
}

